0 info it worked if it ends with ok
1 verbose cli [
1 verbose cli   'C:\\Program Files\\nodejs\\node.exe',
1 verbose cli   'C:\\Users\\FionZheng\\AppData\\Roaming\\npm\\node_modules\\npm\\bin\\npm-cli.js',
1 verbose cli   'start'
1 verbose cli ]
2 info using npm@6.14.10
3 info using node@v14.15.3
4 verbose run-script [ 'prestart', 'start', 'poststart' ]
5 info lifecycle slidingpuzzle@0.1.0~prestart: slidingpuzzle@0.1.0
6 info lifecycle slidingpuzzle@0.1.0~start: slidingpuzzle@0.1.0
7 verbose lifecycle slidingpuzzle@0.1.0~start: unsafe-perm in lifecycle true
8 verbose lifecycle slidingpuzzle@0.1.0~start: PATH: C:\Users\FionZheng\AppData\Roaming\npm\node_modules\npm\node_modules\npm-lifecycle\node-gyp-bin;C:\Users\FionZheng\slidingpuzzle\node_modules\.bin;C:\Program Files\Git\mingw64\bin;C:\Program Files\Git\usr\bin;C:\Users\FionZheng\bin;C:\Users\Fion Zheng\AppData\Local\Programs\Python\Python39\Scripts;C:\Users\Fion Zheng\AppData\Local\Programs\Python\Python39;C:\WINDOWS\system32;C:\WINDOWS;C:\WINDOWS\System32\Wbem;C:\WINDOWS\System32\WindowsPowerShell\v1.0;C:\WINDOWS\System32\OpenSSH;C:\Program Files\Microsoft SQL Server\Client SDK\ODBC\170\Tools\Binn;C:\Program Files (x86)\Microsoft SQL Server\150\Tools\Binn;C:\Program Files\Microsoft SQL Server\150\Tools\Binn;C:\Program Files (x86)\Microsoft SQL Server\150\DTS\Binn;C:\Program Files\Azure Data Studio\bin;C:\Users\Fion Zheng\AppData\Local\Programs\Python\Python38;C:\Users\Fion Zheng\AppData\Local\Programs\Python\Scripts;C:\Program Files\Git\cmd;C:\ProgramData\chocolatey\bin;C:\Program Files\nodejs;C:\Program Files\MongoDB\Tools\100\bin;C:\Program Files\MySQL\MySQL Server 8.0\bin;C:\Users\FionZheng\Scripts;C:\Users\FionZheng;C:\Users\Fion Zheng\AppData\Local\Microsoft\WindowsApps;C:\Users\Fion Zheng\AppData\Local\GitHubDesktop\bin;C:\Program Files\Azure Data Studio\bin;C:\Users\Fion Zheng\AppData\Local\Programs\Microsoft VS Code\bin;C:\Users\Fion Zheng\AppData\Roaming\npm;C:\Users\FionZheng\zoneinfo.zip;C:\Program Files\MySQL\MySQL Server 8.0\bin;%USERPROFILE%\AppData\Local\Microsoft\WindowsApps
9 verbose lifecycle slidingpuzzle@0.1.0~start: CWD: C:\Users\FionZheng\slidingpuzzle
10 silly lifecycle slidingpuzzle@0.1.0~start: Args: [ '/d /s /c', 'react-scripts start' ]
11 silly lifecycle slidingpuzzle@0.1.0~start: Returned: code: 1  signal: null
12 info lifecycle slidingpuzzle@0.1.0~start: Failed to exec start script
13 verbose stack Error: slidingpuzzle@0.1.0 start: `react-scripts start`
13 verbose stack Exit status 1
13 verbose stack     at EventEmitter.<anonymous> (C:\Users\FionZheng\AppData\Roaming\npm\node_modules\npm\node_modules\npm-lifecycle\index.js:332:16)
13 verbose stack     at EventEmitter.emit (events.js:315:20)
13 verbose stack     at ChildProcess.<anonymous> (C:\Users\FionZheng\AppData\Roaming\npm\node_modules\npm\node_modules\npm-lifecycle\lib\spawn.js:55:14)
13 verbose stack     at ChildProcess.emit (events.js:315:20)
13 verbose stack     at maybeClose (internal/child_process.js:1048:16)
13 verbose stack     at Process.ChildProcess._handle.onexit (internal/child_process.js:288:5)
14 verbose pkgid slidingpuzzle@0.1.0
15 verbose cwd C:\Users\FionZheng\slidingpuzzle
16 verbose Windows_NT 10.0.19042
17 verbose argv "C:\\Program Files\\nodejs\\node.exe" "C:\\Users\\FionZheng\\AppData\\Roaming\\npm\\node_modules\\npm\\bin\\npm-cli.js" "start"
18 verbose node v14.15.3
19 verbose npm  v6.14.10
20 error code ELIFECYCLE
21 error errno 1
22 error slidingpuzzle@0.1.0 start: `react-scripts start`
22 error Exit status 1
23 error Failed at the slidingpuzzle@0.1.0 start script.
23 error This is probably not a problem with npm. There is likely additional logging output above.
24 verbose exit [ 1, true ]
